*** Now run 'make gdb'.
***
c[?7l[2J[0mSeaBIOS (version 1.15.0-1)


iPXE (https://ipxe.org) 00:03.0 CA00 PCI2.10 PnP PMM+07F8B4A0+07ECB4A0 CA00
Press Ctrl-B to configure iPXE (PCI 00:03.0)...                                                                               


Booting from Hard Disk..x=3 y=4 z=06828 decimal is 15254 octal!
[31;1;4mThe World is black and white! [0m
entering test_backtrace 5
entering test_backtrace 4
entering test_backtrace 3
entering test_backtrace 2
entering test_backtrace 1
entering test_backtrace 0
Backtracing current STACK functions : Stack bactrace: 
 epb f0115ec4 eip f0115ef8 args  f0102f8d f0102f8d f0102f3c f0115eec line number is not found<unknown>:0: <unknown>+0
leaving test_backtrace 0
leaving test_backtrace 1
leaving test_backtrace 2
leaving test_backtrace 3
leaving test_backtrace 4
leaving test_backtrace 5
Physical memory: 131072K available, base = 640K, extended = 130432K
kernel panic at kern/pmap.c:675: assertion failed: nfree_extmem > 0
Welcome to the JOS kernel monitor!
Type 'help' for a list of commands.
qemu-system-i386: terminating on signal 15 from pid 48466 (make)
